2014-08-17 00:43:34.576 todo[9717:70b] Multi-tasking -> Device: YES, App: YES
2014-08-17 00:43:34.596 todo[9717:70b] Unlimited access to network resources
2014-08-17 00:43:34.730 todo[9717:70b] [CDVTimer][keyboard] 0.060022ms
2014-08-17 00:43:34.731 todo[9717:70b] CDVPlugin class CDVStatusBar (pluginName: statusbar) does not exist.
2014-08-17 00:43:34.731 todo[9717:70b] [CDVTimer][statusbar] 0.352979ms
2014-08-17 00:43:34.731 todo[9717:70b] [CDVTimer][TotalPluginStartup] 1.179039ms
2014-08-17 00:43:34.863 todo[9717:70b] Resetting plugins due to page load.
2014-08-17 00:43:35.108 todo[9717:70b] Finished load of: file:///Users/SujayKhandekar/Library/Application%20Support/iPhone%20Simulator/7.1/Applications/6C9741CD-EA1E-49FA-A3AB-AA8AD64033D6/todo.app/www/index.html#/tab/dash
2014-08-17 00:47:50.001 todo[9921:70b] Multi-tasking -> Device: YES, App: YES
2014-08-17 00:47:50.007 todo[9921:70b] Unlimited access to network resources
2014-08-17 00:47:50.021 todo[9921:70b] [CDVTimer][keyboard] 0.059009ms
2014-08-17 00:47:50.021 todo[9921:70b] CDVPlugin class CDVStatusBar (pluginName: statusbar) does not exist.
2014-08-17 00:47:50.022 todo[9921:70b] [CDVTimer][statusbar] 0.380993ms
2014-08-17 00:47:50.022 todo[9921:70b] [CDVTimer][TotalPluginStartup] 1.231015ms
2014-08-17 00:47:50.056 todo[9921:70b] Resetting plugins due to page load.
2014-08-17 00:47:50.166 todo[9921:70b] Finished load of: file:///Users/SujayKhandekar/Library/Application%20Support/iPhone%20Simulator/7.1/Applications/6C9741CD-EA1E-49FA-A3AB-AA8AD64033D6/todo.app/www/index.html#/tab/dash
2014-08-17 01:00:09.893 todo[10119:70b] Multi-tasking -> Device: YES, App: YES
2014-08-17 01:00:09.899 todo[10119:70b] Unlimited access to network resources
2014-08-17 01:00:09.913 todo[10119:70b] [CDVTimer][keyboard] 0.056028ms
2014-08-17 01:00:09.913 todo[10119:70b] CDVPlugin class CDVStatusBar (pluginName: statusbar) does not exist.
2014-08-17 01:00:09.913 todo[10119:70b] [CDVTimer][statusbar] 0.346959ms
2014-08-17 01:00:09.914 todo[10119:70b] [CDVTimer][TotalPluginStartup] 1.173019ms
2014-08-17 01:00:09.948 todo[10119:70b] Resetting plugins due to page load.
2014-08-17 01:00:10.062 todo[10119:70b] Finished load of: file:///Users/SujayKhandekar/Library/Application%20Support/iPhone%20Simulator/7.1/Applications/6C9741CD-EA1E-49FA-A3AB-AA8AD64033D6/todo.app/www/index.html#/tab/dash
2014-08-17 01:04:37.112 todo[10298:70b] Multi-tasking -> Device: YES, App: YES
2014-08-17 01:04:37.117 todo[10298:70b] Unlimited access to network resources
2014-08-17 01:04:37.131 todo[10298:70b] [CDVTimer][keyboard] 0.056982ms
2014-08-17 01:04:37.131 todo[10298:70b] CDVPlugin class CDVStatusBar (pluginName: statusbar) does not exist.
2014-08-17 01:04:37.132 todo[10298:70b] [CDVTimer][statusbar] 0.360012ms
2014-08-17 01:04:37.132 todo[10298:70b] [CDVTimer][TotalPluginStartup] 1.222968ms
2014-08-17 01:04:37.165 todo[10298:70b] Resetting plugins due to page load.
2014-08-17 01:04:37.269 todo[10298:70b] Finished load of: file:///Users/SujayKhandekar/Library/Application%20Support/iPhone%20Simulator/7.1/Applications/6C9741CD-EA1E-49FA-A3AB-AA8AD64033D6/todo.app/www/index.html#/tab/dash
2014-08-17 01:05:44.953 todo[10456:70b] Multi-tasking -> Device: YES, App: YES
2014-08-17 01:05:44.960 todo[10456:70b] Unlimited access to network resources
2014-08-17 01:05:44.974 todo[10456:70b] [CDVTimer][keyboard] 0.053942ms
2014-08-17 01:05:44.974 todo[10456:70b] CDVPlugin class CDVStatusBar (pluginName: statusbar) does not exist.
2014-08-17 01:05:44.974 todo[10456:70b] [CDVTimer][statusbar] 0.339985ms
2014-08-17 01:05:44.975 todo[10456:70b] [CDVTimer][TotalPluginStartup] 1.102030ms
2014-08-17 01:05:45.019 todo[10456:70b] Resetting plugins due to page load.
2014-08-17 01:05:45.124 todo[10456:70b] Finished load of: file:///Users/SujayKhandekar/Library/Application%20Support/iPhone%20Simulator/7.1/Applications/6C9741CD-EA1E-49FA-A3AB-AA8AD64033D6/todo.app/www/index.html#/tab/dash
2014-08-17 01:07:50.216 todo[10621:70b] Multi-tasking -> Device: YES, App: YES
2014-08-17 01:07:50.222 todo[10621:70b] Unlimited access to network resources
2014-08-17 01:07:50.236 todo[10621:70b] [CDVTimer][keyboard] 0.055015ms
2014-08-17 01:07:50.237 todo[10621:70b] CDVPlugin class CDVStatusBar (pluginName: statusbar) does not exist.
2014-08-17 01:07:50.237 todo[10621:70b] [CDVTimer][statusbar] 0.325978ms
2014-08-17 01:07:50.237 todo[10621:70b] [CDVTimer][TotalPluginStartup] 1.127005ms
2014-08-17 01:07:50.269 todo[10621:70b] Resetting plugins due to page load.
2014-08-17 01:07:50.371 todo[10621:70b] Finished load of: file:///Users/SujayKhandekar/Library/Application%20Support/iPhone%20Simulator/7.1/Applications/6C9741CD-EA1E-49FA-A3AB-AA8AD64033D6/todo.app/www/index.html#/tab/dash
2014-08-17 01:09:24.044 todo[10787:70b] Multi-tasking -> Device: YES, App: YES
2014-08-17 01:09:24.050 todo[10787:70b] Unlimited access to network resources
2014-08-17 01:09:24.064 todo[10787:70b] [CDVTimer][keyboard] 0.059009ms
2014-08-17 01:09:24.065 todo[10787:70b] CDVPlugin class CDVStatusBar (pluginName: statusbar) does not exist.
2014-08-17 01:09:24.065 todo[10787:70b] [CDVTimer][statusbar] 0.334024ms
2014-08-17 01:09:24.065 todo[10787:70b] [CDVTimer][TotalPluginStartup] 1.155972ms
2014-08-17 01:09:24.101 todo[10787:70b] Resetting plugins due to page load.
2014-08-17 01:09:24.208 todo[10787:70b] Finished load of: file:///Users/SujayKhandekar/Library/Application%20Support/iPhone%20Simulator/7.1/Applications/6C9741CD-EA1E-49FA-A3AB-AA8AD64033D6/todo.app/www/index.html#/tab/mylist
2014-08-17 01:15:39.278 todo[10961:70b] Multi-tasking -> Device: YES, App: YES
2014-08-17 01:15:39.285 todo[10961:70b] Unlimited access to network resources
2014-08-17 01:15:39.299 todo[10961:70b] [CDVTimer][keyboard] 0.059962ms
2014-08-17 01:15:39.299 todo[10961:70b] CDVPlugin class CDVStatusBar (pluginName: statusbar) does not exist.
2014-08-17 01:15:39.300 todo[10961:70b] [CDVTimer][statusbar] 0.340998ms
2014-08-17 01:15:39.300 todo[10961:70b] [CDVTimer][TotalPluginStartup] 1.161993ms
2014-08-17 01:15:39.335 todo[10961:70b] Resetting plugins due to page load.
2014-08-17 01:15:39.446 todo[10961:70b] Finished load of: file:///Users/SujayKhandekar/Library/Application%20Support/iPhone%20Simulator/7.1/Applications/6C9741CD-EA1E-49FA-A3AB-AA8AD64033D6/todo.app/www/index.html#/tab/mylist
2014-08-17 01:18:49.904 todo[11126:70b] Multi-tasking -> Device: YES, App: YES
2014-08-17 01:18:49.909 todo[11126:70b] Unlimited access to network resources
2014-08-17 01:18:49.923 todo[11126:70b] [CDVTimer][keyboard] 0.060022ms
2014-08-17 01:18:49.923 todo[11126:70b] CDVPlugin class CDVStatusBar (pluginName: statusbar) does not exist.
2014-08-17 01:18:49.924 todo[11126:70b] [CDVTimer][statusbar] 0.376999ms
2014-08-17 01:18:49.924 todo[11126:70b] [CDVTimer][TotalPluginStartup] 1.166999ms
2014-08-17 01:18:49.960 todo[11126:70b] Resetting plugins due to page load.
2014-08-17 01:18:50.068 todo[11126:70b] Finished load of: file:///Users/SujayKhandekar/Library/Application%20Support/iPhone%20Simulator/7.1/Applications/6C9741CD-EA1E-49FA-A3AB-AA8AD64033D6/todo.app/www/index.html#/tab/mylist
2014-08-17 01:24:14.025 todo[11292:70b] Multi-tasking -> Device: YES, App: YES
2014-08-17 01:24:14.031 todo[11292:70b] Unlimited access to network resources
2014-08-17 01:24:14.045 todo[11292:70b] [CDVTimer][keyboard] 0.056982ms
2014-08-17 01:24:14.045 todo[11292:70b] CDVPlugin class CDVStatusBar (pluginName: statusbar) does not exist.
2014-08-17 01:24:14.046 todo[11292:70b] [CDVTimer][statusbar] 0.358045ms
2014-08-17 01:24:14.046 todo[11292:70b] [CDVTimer][TotalPluginStartup] 1.203001ms
2014-08-17 01:24:14.080 todo[11292:70b] Resetting plugins due to page load.
2014-08-17 01:24:14.186 todo[11292:70b] Finished load of: file:///Users/SujayKhandekar/Library/Application%20Support/iPhone%20Simulator/7.1/Applications/6C9741CD-EA1E-49FA-A3AB-AA8AD64033D6/todo.app/www/index.html#/tab/mylist
2014-08-17 01:25:44.464 todo[11451:70b] Multi-tasking -> Device: YES, App: YES
2014-08-17 01:25:44.470 todo[11451:70b] Unlimited access to network resources
2014-08-17 01:25:44.484 todo[11451:70b] [CDVTimer][keyboard] 0.060022ms
2014-08-17 01:25:44.485 todo[11451:70b] CDVPlugin class CDVStatusBar (pluginName: statusbar) does not exist.
2014-08-17 01:25:44.485 todo[11451:70b] [CDVTimer][statusbar] 0.476956ms
2014-08-17 01:25:44.486 todo[11451:70b] [CDVTimer][TotalPluginStartup] 1.601994ms
2014-08-17 01:25:44.520 todo[11451:70b] Resetting plugins due to page load.
2014-08-17 01:25:44.626 todo[11451:70b] Finished load of: file:///Users/SujayKhandekar/Library/Application%20Support/iPhone%20Simulator/7.1/Applications/6C9741CD-EA1E-49FA-A3AB-AA8AD64033D6/todo.app/www/index.html#/tab/mylist
2014-08-17 01:26:42.509 todo[11609:70b] Multi-tasking -> Device: YES, App: YES
2014-08-17 01:26:42.514 todo[11609:70b] Unlimited access to network resources
2014-08-17 01:26:42.529 todo[11609:70b] [CDVTimer][keyboard] 0.060022ms
2014-08-17 01:26:42.529 todo[11609:70b] CDVPlugin class CDVStatusBar (pluginName: statusbar) does not exist.
2014-08-17 01:26:42.529 todo[11609:70b] [CDVTimer][statusbar] 0.312984ms
2014-08-17 01:26:42.530 todo[11609:70b] [CDVTimer][TotalPluginStartup] 1.125991ms
2014-08-17 01:26:42.563 todo[11609:70b] Resetting plugins due to page load.
2014-08-17 01:26:42.670 todo[11609:70b] Finished load of: file:///Users/SujayKhandekar/Library/Application%20Support/iPhone%20Simulator/7.1/Applications/6C9741CD-EA1E-49FA-A3AB-AA8AD64033D6/todo.app/www/index.html#/tab/mylist
2014-08-17 01:32:22.267 todo[11781:70b] Multi-tasking -> Device: YES, App: YES
2014-08-17 01:32:22.273 todo[11781:70b] Unlimited access to network resources
2014-08-17 01:32:22.287 todo[11781:70b] [CDVTimer][keyboard] 0.057042ms
2014-08-17 01:32:22.288 todo[11781:70b] CDVPlugin class CDVStatusBar (pluginName: statusbar) does not exist.
2014-08-17 01:32:22.288 todo[11781:70b] [CDVTimer][statusbar] 0.355959ms
2014-08-17 01:32:22.288 todo[11781:70b] [CDVTimer][TotalPluginStartup] 1.154006ms
2014-08-17 01:32:22.323 todo[11781:70b] Resetting plugins due to page load.
2014-08-17 01:32:22.432 todo[11781:70b] Finished load of: file:///Users/SujayKhandekar/Library/Application%20Support/iPhone%20Simulator/7.1/Applications/6C9741CD-EA1E-49FA-A3AB-AA8AD64033D6/todo.app/www/index.html#/tab/mylist
2014-08-17 01:35:59.997 todo[11956:70b] Multi-tasking -> Device: YES, App: YES
2014-08-17 01:36:00.003 todo[11956:70b] Unlimited access to network resources
2014-08-17 01:36:00.018 todo[11956:70b] [CDVTimer][keyboard] 0.056028ms
2014-08-17 01:36:00.019 todo[11956:70b] CDVPlugin class CDVStatusBar (pluginName: statusbar) does not exist.
2014-08-17 01:36:00.019 todo[11956:70b] [CDVTimer][statusbar] 0.315011ms
2014-08-17 01:36:00.019 todo[11956:70b] [CDVTimer][TotalPluginStartup] 1.118004ms
2014-08-17 01:36:00.051 todo[11956:70b] Resetting plugins due to page load.
2014-08-17 01:36:00.155 todo[11956:70b] Finished load of: file:///Users/SujayKhandekar/Library/Application%20Support/iPhone%20Simulator/7.1/Applications/6C9741CD-EA1E-49FA-A3AB-AA8AD64033D6/todo.app/www/index.html#/tab/mylist
2014-08-17 01:36:58.677 todo[12114:70b] Multi-tasking -> Device: YES, App: YES
2014-08-17 01:36:58.683 todo[12114:70b] Unlimited access to network resources
2014-08-17 01:36:58.699 todo[12114:70b] [CDVTimer][keyboard] 0.056982ms
2014-08-17 01:36:58.700 todo[12114:70b] CDVPlugin class CDVStatusBar (pluginName: statusbar) does not exist.
2014-08-17 01:36:58.700 todo[12114:70b] [CDVTimer][statusbar] 0.321031ms
2014-08-17 01:36:58.700 todo[12114:70b] [CDVTimer][TotalPluginStartup] 1.134992ms
2014-08-17 01:36:58.734 todo[12114:70b] Resetting plugins due to page load.
2014-08-17 01:36:58.846 todo[12114:70b] Finished load of: file:///Users/SujayKhandekar/Library/Application%20Support/iPhone%20Simulator/7.1/Applications/6C9741CD-EA1E-49FA-A3AB-AA8AD64033D6/todo.app/www/index.html#/tab/mylist
2014-08-17 01:38:49.475 todo[12287:70b] Multi-tasking -> Device: YES, App: YES
2014-08-17 01:38:49.481 todo[12287:70b] Unlimited access to network resources
2014-08-17 01:38:49.495 todo[12287:70b] [CDVTimer][keyboard] 0.059009ms
2014-08-17 01:38:49.495 todo[12287:70b] CDVPlugin class CDVStatusBar (pluginName: statusbar) does not exist.
2014-08-17 01:38:49.496 todo[12287:70b] [CDVTimer][statusbar] 0.384033ms
2014-08-17 01:38:49.496 todo[12287:70b] [CDVTimer][TotalPluginStartup] 1.357019ms
2014-08-17 01:38:49.532 todo[12287:70b] Resetting plugins due to page load.
2014-08-17 01:38:49.641 todo[12287:70b] Finished load of: file:///Users/SujayKhandekar/Library/Application%20Support/iPhone%20Simulator/7.1/Applications/6C9741CD-EA1E-49FA-A3AB-AA8AD64033D6/todo.app/www/index.html#/tab/mylist
